<?xml version="1.0" encoding="UTF-8"?>
<!-- Generated by org.testng.reporters.JUnitReportReporter -->
<testsuite hostname="DESKTOP-MK2E8NI" failures="0" tests="5" name="Palindrome.Palindrome.PalindromesTest" time="57.652" errors="0" timestamp="2021-04-15T23:14:42 SAST" skipped="0">
  <testcase classname="Palindrome.Palindrome.PalindromesTest" name="checkPageTitle" time="10.222"/>
  <system-out/>
  <testcase classname="Palindrome.Palindrome.PalindromesTest" name="alphaNumTest" time="16.422"/>
  <system-out/>
  <testcase classname="Palindrome.Palindrome.PalindromesTest" name="nullStrTest" time="11.261"/>
  <system-out/>
  <testcase classname="Palindrome.Palindrome.PalindromesTest" name="emptyStrTest" time="9.553"/>
  <system-out/>
  <testcase classname="Palindrome.Palindrome.PalindromesTest" name="punctuationTest" time="10.194"/>
  <system-out/>
</testsuite> <!-- Palindrome.Palindrome.PalindromesTest -->
